C51 COMPILER V9.59.0.0   SI4010_DATA                                                       01/18/2023 19:05:06 PAGE 1   


C51 COMPILER V9.59.0.0, COMPILATION OF MODULE SI4010_DATA
OBJECT MODULE PLACED IN si4010_data.OBJ
COMPILER INVOKED BY: C:\Keil_V5\C51\BIN\C51.exe si4010_data.c DB OE BR BROWSE DEBUG OBJECTEXTEND INCDIR(..\..\common\src
                    -;..\src;C:\SiLabs\MCU\Inc)

line level    source

   1          /*------------------------------------------------------------------------------
   2           *                          Silicon Laboratories, Inc.
   3           *                           http://www.silabs.com
   4           *                               Copyright 2010
   5           *------------------------------------------------------------------------------
   6           *
   7           *    FILE:       si4010_data.c
   8           *    TARGET:     Si4010
   9           *    TOOLCHAIN:  Generic
  10           *    DATE:       April 20, 2010, Tuesday
  11           *    RELEASE:    2.1 (JimG)
  12           *
  13           *------------------------------------------------------------------------------
  14           *
  15           *    DESCRIPTION:
  16           *      Definitions of global XDATA and XREG variables for Si4010
  17           *      at fixed XDATA locations. The file must be included
  18           *      in the project and linked with an application.
  19           *
  20           *------------------------------------------------------------------------------
  21           *
  22           *    INCLUDES:
  23           */
  24          #define _SI4010_DATA_C
  25          #include "si4010.h"
  26          
  27          /*
  28           *------------------------------------------------------------------------------
  29           */


MODULE INFORMATION:   STATIC OVERLAYABLE
   CODE SIZE        =   ----    ----
   CONSTANT SIZE    =   ----    ----
   XDATA SIZE       =   ----    ----
   PDATA SIZE       =   ----    ----
   DATA SIZE        =   ----    ----
   IDATA SIZE       =   ----    ----
   BIT SIZE         =   ----    ----
END OF MODULE INFORMATION.


C51 COMPILATION COMPLETE.  0 WARNING(S),  0 ERROR(S)
